<?xml version="1.0" encoding="UTF-8"?>
<testsuite name="TestMethods"
           tests="10"
           failures="0"
           errors="0"
           skipped="0"
           time="0.005">
  <properties />
  
  
            <testcase name="testServer" time="0.001" classname="com.dragon.testng.annotation.TestngFactoryTest" />
                <testcase name="testServer" time="0.000" classname="com.dragon.testng.annotation.TestngFactoryTest" />
                <testcase name="testServer" time="0.000" classname="com.dragon.testng.annotation.TestngFactoryTest" />
                <testcase name="testServer" time="0.000" classname="com.dragon.testng.annotation.TestngFactoryTest" />
                <testcase name="testServer" time="0.000" classname="com.dragon.testng.annotation.TestngFactoryTest" />
                <testcase name="testServer" time="0.000" classname="com.dragon.testng.annotation.TestngFactoryTest" />
                <testcase name="testServer" time="0.004" classname="com.dragon.testng.annotation.TestngFactoryTest" />
                <testcase name="testServer" time="0.000" classname="com.dragon.testng.annotation.TestngFactoryTest" />
                <testcase name="testServer" time="0.000" classname="com.dragon.testng.annotation.TestngFactoryTest" />
                <testcase name="testServer" time="0.000" classname="com.dragon.testng.annotation.TestngFactoryTest" />
      
</testsuite>
