<?xml version="1.0" encoding="UTF-8" ?>
<testsuite failures="2" time="449.26" errors="0" skipped="0" tests="4" name="TestSuite">
  <properties>
[...]
</properties>
  <testcase time="125.596" classname="testcase.buy.ProductList.android.kathy.ProductID_2110" name="BuyProduct2110"/>
  <testcase time="120.538" classname="testcase.buy.ProductList.android.kathy.ProductID_2174" name="BuyProduct2174"/>
  <testcase time="40.113" classname="testcase.buy.ProductList.android.kathy.ProductID_2175" name="BuyProduct2175">
    <failure message="An element could not be located on the page using the given search parameters. (WARNING: The server did not provide any stacktrace information)
Command duration or timeout: 51 milliseconds
For documentation on this error, please visit: http://seleniumhq.org/exceptions/no_such_element.html
Build info: version: &apos;2.45.0&apos;, revision: &apos;5017cb8e7ca8e37638dc3091b2440b90a1d8686f&apos;, time: &apos;2015-02-27 09:10:26&apos;
System info: host: &apos;Kathy-PC&apos;, ip: &apos;192.168.1.102&apos;, os.name: &apos;Windows 7&apos;, os.arch: &apos;x86&apos;, os.version: &apos;6.1&apos;, java.version: &apos;1.7.0_79&apos;
*** Element info: {Using=xpath, value=//android.view.View[contains(@content-desc,&apos;更改旅行日期&apos;)]}
Session ID: 09353786-bc24-492a-b10e-71aba82e179d
Driver info: io.appium.java_client.android.AndroidDriver
Capabilities [{platform=LINUX, javascriptEnabled=true, appActivity=com.aoliday.android.phone.Main, browserName=Android, networkConnectionEnabled=true, noSign=true, desired={platformVersion=4.4.2, deviceName=PE-TL20, platformName=Android, appActivity=com.aoliday.android.phone.Main, noSign=true, unicodeKeyboard=true, resetkeyboard=true, appPackage=com.aoliday.android.phone}, resetkeyboard=true, locationContextEnabled=false, appPackage=com.aoliday.android.phone, platformVersion=5.0, databaseEnabled=false, deviceName=e313ee98, platformName=Android, webStorageEnabled=false, unicodeKeyboard=true, warnings={}, takesScreenshot=true}]" type="org.openqa.selenium.NoSuchElementException">org.openqa.selenium.NoSuchElementException: An element could not be located on the page using the given search parameters. (WARNING: The server did not provide any stacktrace information)
Command duration or timeout: 51 milliseconds
For documentation on this error, please visit: http://seleniumhq.org/exceptions/no_such_element.html
Build info: version: &apos;2.45.0&apos;, revision: &apos;5017cb8e7ca8e37638dc3091b2440b90a1d8686f&apos;, time: &apos;2015-02-27 09:10:26&apos;
System info: host: &apos;Kathy-PC&apos;, ip: &apos;192.168.1.102&apos;, os.name: &apos;Windows 7&apos;, os.arch: &apos;x86&apos;, os.version: &apos;6.1&apos;, java.version: &apos;1.7.0_79&apos;
*** Element info: {Using=xpath, value=//android.view.View[contains(@content-desc,&apos;更改旅行日期&apos;)]}
Session ID: 09353786-bc24-492a-b10e-71aba82e179d
Driver info: io.appium.java_client.android.AndroidDriver
Capabilities [{platform=LINUX, javascriptEnabled=true, appActivity=com.aoliday.android.phone.Main, browserName=Android, networkConnectionEnabled=true, noSign=true, desired={platformVersion=4.4.2, deviceName=PE-TL20, platformName=Android, appActivity=com.aoliday.android.phone.Main, noSign=true, unicodeKeyboard=true, resetkeyboard=true, appPackage=com.aoliday.android.phone}, resetkeyboard=true, locationContextEnabled=false, appPackage=com.aoliday.android.phone, platformVersion=5.0, databaseEnabled=false, deviceName=e313ee98, platformName=Android, webStorageEnabled=false, unicodeKeyboard=true, warnings={}, takesScreenshot=true}]
	at sun.reflect.NativeConstructorAccessorImpl.newInstance0(Native Method)
	at sun.reflect.NativeConstructorAccessorImpl.newInstance(NativeConstructorAccessorImpl.java:57)
	at sun.reflect.DelegatingConstructorAccessorImpl.newInstance(DelegatingConstructorAccessorImpl.java:45)
	at java.lang.reflect.Constructor.newInstance(Constructor.java:526)
	at org.openqa.selenium.remote.ErrorHandler.createThrowable(ErrorHandler.java:204)
	at org.openqa.selenium.remote.ErrorHandler.throwIfResponseFailed(ErrorHandler.java:156)
	at org.openqa.selenium.remote.RemoteWebDriver.execute(RemoteWebDriver.java:599)
	at io.appium.java_client.AppiumDriver.execute(AppiumDriver.java:180)
	at org.openqa.selenium.remote.RemoteWebDriver.findElement(RemoteWebDriver.java:352)
	at org.openqa.selenium.remote.RemoteWebDriver.findElementByXPath(RemoteWebDriver.java:449)
	at testcase.buy.ProductList.android.kathy.ProductID_2175.BuyProduct2175(ProductID_2175.java:49)
</failure>
    <system-out>
点击搜索成功

选择产品成功

点击立即预定成功NATIVE_APP
WEBVIEW_com.aoliday.android.phone
&lt;?xml version=&quot;1.0&quot; encoding=&quot;UTF-8&quot;?&gt;&lt;hierarchy rotation=&quot;0&quot;&gt;&lt;android.widget.FrameLayout index=&quot;0&quot; text=&quot;&quot; class=&quot;android.widget.FrameLayout&quot; package=&quot;com.aoliday.android.phone&quot; content-desc=&quot;&quot; checkable=&quot;false&quot; checked=&quot;false&quot; clickable=&quot;false&quot; enabled=&quot;true&quot; focusable=&quot;false&quot; focused=&quot;false&quot; scrollable=&quot;false&quot; long-clickable=&quot;false&quot; password=&quot;false&quot; selected=&quot;false&quot; bounds=&quot;[0,0][1080,1920]&quot; resource-id=&quot;&quot; instance=&quot;0&quot;&gt;&lt;android.widget.FrameLayout index=&quot;0&quot; text=&quot;&quot; class=&quot;android.widget.FrameLayout&quot; package=&quot;com.aoliday.android.phone&quot; content-desc=&quot;&quot; checkable=&quot;false&quot; checked=&quot;false&quot; clickable=&quot;false&quot; enabled=&quot;true&quot; focusable=&quot;false&quot; focused=&quot;false&quot; scrollable=&quot;false&quot; long-clickable=&quot;false&quot; password=&quot;false&quot; selected=&quot;false&quot; bounds=&quot;[0,0][1080,1920]&quot; resource-id=&quot;&quot; instance=&quot;1&quot;&gt;&lt;android.widget.LinearLayout index=&quot;0&quot; text=&quot;&quot; class=&quot;android.widget.LinearLayout&quot; package=&quot;com.aoliday.android.phone&quot; content-desc=&quot;&quot; checkable=&quot;false&quot; checked=&quot;false&quot; clickable=&quot;false&quot; enabled=&quot;true&quot; focusable=&quot;false&quot; focused=&quot;false&quot; scrollable=&quot;false&quot; long-clickable=&quot;false&quot; password=&quot;false&quot; selected=&quot;false&quot; bounds=&quot;[0,0][1080,1920]&quot; resource-id=&quot;&quot; instance=&quot;0&quot;&gt;&lt;android.widget.FrameLayout index=&quot;0&quot; text=&quot;&quot; class=&quot;android.widget.FrameLayout&quot; package=&quot;com.aoliday.android.phone&quot; content-desc=&quot;&quot; checkable=&quot;false&quot; checked=&quot;false&quot; clickable=&quot;false&quot; enabled=&quot;true&quot; focusable=&quot;false&quot; focused=&quot;false&quot; scrollable=&quot;false&quot; long-clickable=&quot;false&quot; password=&quot;false&quot; selected=&quot;false&quot; bounds=&quot;[0,75][1080,1920]&quot; resource-id=&quot;android:id/content&quot; instance=&quot;2&quot;&gt;&lt;android.widget.LinearLayout index=&quot;0&quot; text=&quot;&quot; class=&quot;android.widget.LinearLayout&quot; package=&quot;com.aoliday.android.phone&quot; content-desc=&quot;&quot; checkable=&quot;false&quot; checked=&quot;false&quot; clickable=&quot;false&quot; enabled=&quot;true&quot; focusable=&quot;false&quot; focused=&quot;false&quot; scrollable=&quot;false&quot; long-clickable=&quot;false&quot; password=&quot;false&quot; selected=&quot;false&quot; bounds=&quot;[0,75][1080,1920]&quot; resource-id=&quot;&quot; instance=&quot;1&quot;&gt;&lt;android.widget.RelativeLayout index=&quot;0&quot; text=&quot;&quot; class=&quot;android.widget.RelativeLayout&quot; package=&quot;com.aoliday.android.phone&quot; content-desc=&quot;&quot; checkable=&quot;false&quot; checked=&quot;false&quot; clickable=&quot;false&quot; enabled=&quot;true&quot; focusable=&quot;false&quot; focused=&quot;false&quot; scrollable=&quot;false&quot; long-clickable=&quot;false&quot; password=&quot;false&quot; selected=&quot;false&quot; bounds=&quot;[0,75][1080,207]&quot; resource-id=&quot;com.aoliday.android.phone:id/header_view&quot; instance=&quot;0&quot;&gt;&lt;android.widget.RelativeLayout index=&quot;0&quot; text=&quot;&quot; class=&quot;android.widget.RelativeLayout&quot; package=&quot;com.aoliday.android.phone&quot; content-desc=&quot;&quot; checkable=&quot;false&quot; checked=&quot;false&quot; clickable=&quot;false&quot; enabled=&quot;true&quot; focusable=&quot;false&quot; focused=&quot;false&quot; scrollable=&quot;false&quot; long-clickable=&quot;false&quot; password=&quot;false&quot; selected=&quot;false&quot; bounds=&quot;[0,75][1080,207]&quot; resource-id=&quot;&quot; instance=&quot;1&quot;&gt;&lt;android.widget.ImageView NAF=&quot;true&quot; index=&quot;0&quot; text=&quot;&quot; class=&quot;android.widget.ImageView&quot; package=&quot;com.aoliday.android.phone&quot; content-desc=&quot;&quot; checkable=&quot;false&quot; checked=&quot;false&quot; clickable=&quot;true&quot; enabled=&quot;true&quot; focusable=&quot;false&quot; focused=&quot;false&quot; scrollable=&quot;false&quot; long-clickable=&quot;false&quot; password=&quot;false&quot; selected=&quot;false&quot; bounds=&quot;[0,75][132,207]&quot; resource-id=&quot;com.aoliday.android.phone:id/header_go_back&quot; instance=&quot;0&quot;/&gt;&lt;android.widget.TextView index=&quot;1&quot; text=&quot;产品订购&quot; class=&quot;android.widget.TextView&quot; package=&quot;com.aoliday.android.phone&quot; content-desc=&quot;&quot; checkable=&quot;false&quot; checked=&quot;false&quot; clickable=&quot;false&quot; enabled=&quot;true&quot; focusable=&quot;false&quot; focused=&quot;false&quot; scrollable=&quot;false&quot; long-clickable=&quot;false&quot; password=&quot;false&quot; selected=&quot;false&quot; bounds=&quot;[240,108][840,173]&quot; resource-id=&quot;com.aoliday.android.phone:id/header_text&quot; instance=&quot;0&quot;/&gt;&lt;/android.widget.RelativeLayout&gt;&lt;/android.widget.RelativeLayout&gt;&lt;android.widget.FrameLayout index=&quot;1&quot; text=&quot;&quot; class=&quot;android.widget.FrameLayout&quot; package=&quot;com.aoliday.android.phone&quot; content-desc=&quot;&quot; checkable=&quot;false&quot; checked=&quot;false&quot; clickable=&quot;false&quot; enabled=&quot;true&quot; focusable=&quot;false&quot; focused=&quot;false&quot; scrollable=&quot;false&quot; long-clickable=&quot;false&quot; password=&quot;false&quot; selected=&quot;false&quot; bounds=&quot;[0,207][1080,1920]&quot; resource-id=&quot;&quot; instance=&quot;3&quot;&gt;&lt;android.widget.LinearLayout index=&quot;0&quot; text=&quot;&quot; class=&quot;android.widget.LinearLayout&quot; package=&quot;com.aoliday.android.phone&quot; content-desc=&quot;&quot; checkable=&quot;false&quot; checked=&quot;false&quot; clickable=&quot;false&quot; enabled=&quot;true&quot; focusable=&quot;false&quot; focused=&quot;false&quot; scrollable=&quot;false&quot; long-clickable=&quot;false&quot; password=&quot;false&quot; selected=&quot;false&quot; bounds=&quot;[0,207][1080,1920]&quot; resource-id=&quot;com.aoliday.android.phone:id/productdetail_line_view&quot; instance=&quot;2&quot;&gt;&lt;android.widget.LinearLayout index=&quot;0&quot; text=&quot;&quot; class=&quot;android.widget.LinearLayout&quot; package=&quot;com.aoliday.android.phone&quot; content-desc=&quot;&quot; checkable=&quot;false&quot; checked=&quot;false&quot; clickable=&quot;false&quot; enabled=&quot;true&quot; focusable=&quot;false&quot; focused=&quot;false&quot; scrollable=&quot;false&quot; long-clickable=&quot;false&quot; password=&quot;false&quot; selected=&quot;false&quot; bounds=&quot;[0,207][1080,357]&quot; resource-id=&quot;com.aoliday.android.phone:id/footer_view&quot; instance=&quot;3&quot;&gt;&lt;android.widget.TextView index=&quot;0&quot; text=&quot;价格:￥ 3289.0&quot; class=&quot;android.widget.TextView&quot; package=&quot;com.aoliday.android.phone&quot; content-desc=&quot;&quot; checkable=&quot;false&quot; checked=&quot;false&quot; clickable=&quot;true&quot; enabled=&quot;true&quot; focusable=&quot;false&quot; focused=&quot;false&quot; scrollable=&quot;false&quot; long-clickable=&quot;false&quot; password=&quot;false&quot; selected=&quot;false&quot; bounds=&quot;[0,260][540,313]&quot; resource-id=&quot;com.aoliday.android.phone:id/order_price_view&quot; instance=&quot;1&quot;/&gt;&lt;android.widget.TextView index=&quot;1&quot; text=&quot;完成选择&quot; class=&quot;android.widget.TextView&quot; package=&quot;com.aoliday.android.phone&quot; content-desc=&quot;&quot; checkable=&quot;false&quot; checked=&quot;false&quot; clickable=&quot;true&quot; enabled=&quot;true&quot; focusable=&quot;false&quot; focused=&quot;false&quot; scrollable=&quot;false&quot; long-clickable=&quot;false&quot; password=&quot;false&quot; selected=&quot;false&quot; bounds=&quot;[540,207][1080,357]&quot; resource-id=&quot;com.aoliday.android.phone:id/order_now_view&quot; instance=&quot;2&quot;/&gt;&lt;/android.widget.LinearLayout&gt;&lt;/android.widget.LinearLayout&gt;&lt;/android.widget.FrameLayout&gt;&lt;/android.widget.LinearLayout&gt;&lt;/android.widget.FrameLayout&gt;&lt;/android.widget.LinearLayout&gt;&lt;/android.widget.FrameLayout&gt;&lt;/android.widget.FrameLayout&gt;&lt;/hierarchy&gt;
</system-out>
  </testcase>
  <testcase time="95.815" classname="testcase.buy.ProductList.android.kathy.ProductID_2466" name="BuyProduct2466">
    <failure message="Index: 0, Size: 0" type="java.lang.IndexOutOfBoundsException">java.lang.IndexOutOfBoundsException: Index: 0, Size: 0
	at java.util.ArrayList.rangeCheck(ArrayList.java:635)
	at java.util.ArrayList.get(ArrayList.java:411)
	at testcase.buy.ProductList.android.kathy.ProductID_2466.BuyProduct2466(ProductID_2466.java:82)
</failure>
    <system-out>
点击搜索成功

选择产品成功

点击立即预定成功NATIVE_APP
WEBVIEW_com.aoliday.android.phone
&lt;?xml version=&quot;1.0&quot; encoding=&quot;UTF-8&quot;?&gt;&lt;hierarchy rotation=&quot;0&quot;&gt;&lt;android.widget.FrameLayout index=&quot;0&quot; text=&quot;&quot; class=&quot;android.widget.FrameLayout&quot; package=&quot;com.aoliday.android.phone&quot; content-desc=&quot;&quot; checkable=&quot;false&quot; checked=&quot;false&quot; clickable=&quot;false&quot; enabled=&quot;true&quot; focusable=&quot;false&quot; focused=&quot;false&quot; scrollable=&quot;false&quot; long-clickable=&quot;false&quot; password=&quot;false&quot; selected=&quot;false&quot; bounds=&quot;[0,0][1080,1920]&quot; resource-id=&quot;&quot; instance=&quot;0&quot;&gt;&lt;android.widget.FrameLayout index=&quot;0&quot; text=&quot;&quot; class=&quot;android.widget.FrameLayout&quot; package=&quot;com.aoliday.android.phone&quot; content-desc=&quot;&quot; checkable=&quot;false&quot; checked=&quot;false&quot; clickable=&quot;false&quot; enabled=&quot;true&quot; focusable=&quot;false&quot; focused=&quot;false&quot; scrollable=&quot;false&quot; long-clickable=&quot;false&quot; password=&quot;false&quot; selected=&quot;false&quot; bounds=&quot;[0,0][1080,1920]&quot; resource-id=&quot;&quot; instance=&quot;1&quot;&gt;&lt;android.widget.LinearLayout index=&quot;0&quot; text=&quot;&quot; class=&quot;android.widget.LinearLayout&quot; package=&quot;com.aoliday.android.phone&quot; content-desc=&quot;&quot; checkable=&quot;false&quot; checked=&quot;false&quot; clickable=&quot;false&quot; enabled=&quot;true&quot; focusable=&quot;false&quot; focused=&quot;false&quot; scrollable=&quot;false&quot; long-clickable=&quot;false&quot; password=&quot;false&quot; selected=&quot;false&quot; bounds=&quot;[0,0][1080,1920]&quot; resource-id=&quot;&quot; instance=&quot;0&quot;&gt;&lt;android.widget.FrameLayout index=&quot;0&quot; text=&quot;&quot; class=&quot;android.widget.FrameLayout&quot; package=&quot;com.aoliday.android.phone&quot; content-desc=&quot;&quot; checkable=&quot;false&quot; checked=&quot;false&quot; clickable=&quot;false&quot; enabled=&quot;true&quot; focusable=&quot;false&quot; focused=&quot;false&quot; scrollable=&quot;false&quot; long-clickable=&quot;false&quot; password=&quot;false&quot; selected=&quot;false&quot; bounds=&quot;[0,75][1080,1920]&quot; resource-id=&quot;android:id/content&quot; instance=&quot;2&quot;&gt;&lt;android.widget.LinearLayout index=&quot;0&quot; text=&quot;&quot; class=&quot;android.widget.LinearLayout&quot; package=&quot;com.aoliday.android.phone&quot; content-desc=&quot;&quot; checkable=&quot;false&quot; checked=&quot;false&quot; clickable=&quot;false&quot; enabled=&quot;true&quot; focusable=&quot;false&quot; focused=&quot;false&quot; scrollable=&quot;false&quot; long-clickable=&quot;false&quot; password=&quot;false&quot; selected=&quot;false&quot; bounds=&quot;[0,75][1080,1920]&quot; resource-id=&quot;&quot; instance=&quot;1&quot;&gt;&lt;android.widget.RelativeLayout index=&quot;0&quot; text=&quot;&quot; class=&quot;android.widget.RelativeLayout&quot; package=&quot;com.aoliday.android.phone&quot; content-desc=&quot;&quot; checkable=&quot;false&quot; checked=&quot;false&quot; clickable=&quot;false&quot; enabled=&quot;true&quot; focusable=&quot;false&quot; focused=&quot;false&quot; scrollable=&quot;false&quot; long-clickable=&quot;false&quot; password=&quot;false&quot; selected=&quot;false&quot; bounds=&quot;[0,75][1080,207]&quot; resource-id=&quot;com.aoliday.android.phone:id/header_view&quot; instance=&quot;0&quot;&gt;&lt;android.widget.RelativeLayout index=&quot;0&quot; text=&quot;&quot; class=&quot;android.widget.RelativeLayout&quot; package=&quot;com.aoliday.android.phone&quot; content-desc=&quot;&quot; checkable=&quot;false&quot; checked=&quot;false&quot; clickable=&quot;false&quot; enabled=&quot;true&quot; focusable=&quot;false&quot; focused=&quot;false&quot; scrollable=&quot;false&quot; long-clickable=&quot;false&quot; password=&quot;false&quot; selected=&quot;false&quot; bounds=&quot;[0,75][1080,207]&quot; resource-id=&quot;&quot; instance=&quot;1&quot;&gt;&lt;android.widget.ImageView NAF=&quot;true&quot; index=&quot;0&quot; text=&quot;&quot; class=&quot;android.widget.ImageView&quot; package=&quot;com.aoliday.android.phone&quot; content-desc=&quot;&quot; checkable=&quot;false&quot; checked=&quot;false&quot; clickable=&quot;true&quot; enabled=&quot;true&quot; focusable=&quot;false&quot; focused=&quot;false&quot; scrollable=&quot;false&quot; long-clickable=&quot;false&quot; password=&quot;false&quot; selected=&quot;false&quot; bounds=&quot;[0,75][132,207]&quot; resource-id=&quot;com.aoliday.android.phone:id/header_go_back&quot; instance=&quot;0&quot;/&gt;&lt;android.widget.TextView index=&quot;1&quot; text=&quot;产品订购&quot; class=&quot;android.widget.TextView&quot; package=&quot;com.aoliday.android.phone&quot; content-desc=&quot;&quot; checkable=&quot;false&quot; checked=&quot;false&quot; clickable=&quot;false&quot; enabled=&quot;true&quot; focusable=&quot;false&quot; focused=&quot;false&quot; scrollable=&quot;false&quot; long-clickable=&quot;false&quot; password=&quot;false&quot; selected=&quot;false&quot; bounds=&quot;[240,108][840,173]&quot; resource-id=&quot;com.aoliday.android.phone:id/header_text&quot; instance=&quot;0&quot;/&gt;&lt;/android.widget.RelativeLayout&gt;&lt;/android.widget.RelativeLayout&gt;&lt;android.widget.FrameLayout index=&quot;1&quot; text=&quot;&quot; class=&quot;android.widget.FrameLayout&quot; package=&quot;com.aoliday.android.phone&quot; content-desc=&quot;&quot; checkable=&quot;false&quot; checked=&quot;false&quot; clickable=&quot;false&quot; enabled=&quot;true&quot; focusable=&quot;false&quot; focused=&quot;false&quot; scrollable=&quot;false&quot; long-clickable=&quot;false&quot; password=&quot;false&quot; selected=&quot;false&quot; bounds=&quot;[0,207][1080,1920]&quot; resource-id=&quot;&quot; instance=&quot;3&quot;&gt;&lt;android.widget.LinearLayout index=&quot;0&quot; text=&quot;&quot; class=&quot;android.widget.LinearLayout&quot; package=&quot;com.aoliday.android.phone&quot; content-desc=&quot;&quot; checkable=&quot;false&quot; checked=&quot;false&quot; clickable=&quot;false&quot; enabled=&quot;true&quot; focusable=&quot;false&quot; focused=&quot;false&quot; scrollable=&quot;false&quot; long-clickable=&quot;false&quot; password=&quot;false&quot; selected=&quot;false&quot; bounds=&quot;[0,207][1080,1920]&quot; resource-id=&quot;com.aoliday.android.phone:id/productdetail_line_view&quot; instance=&quot;2&quot;&gt;&lt;android.webkit.WebView index=&quot;0&quot; text=&quot;&quot; class=&quot;android.webkit.WebView&quot; package=&quot;com.aoliday.android.phone&quot; content-desc=&quot;&quot; checkable=&quot;false&quot; checked=&quot;false&quot; clickable=&quot;false&quot; enabled=&quot;true&quot; focusable=&quot;false&quot; focused=&quot;false&quot; scrollable=&quot;false&quot; long-clickable=&quot;false&quot; password=&quot;false&quot; selected=&quot;false&quot; bounds=&quot;[0,207][1080,1770]&quot; resource-id=&quot;&quot; instance=&quot;0&quot;&gt;&lt;android.webkit.WebView index=&quot;0&quot; text=&quot;&quot; class=&quot;android.webkit.WebView&quot; package=&quot;com.aoliday.android.phone&quot; content-desc=&quot;购买选择&quot; checkable=&quot;false&quot; checked=&quot;false&quot; clickable=&quot;false&quot; enabled=&quot;true&quot; focusable=&quot;true&quot; focused=&quot;true&quot; scrollable=&quot;true&quot; long-clickable=&quot;false&quot; password=&quot;false&quot; selected=&quot;false&quot; bounds=&quot;[0,207][1080,1770]&quot; resource-id=&quot;&quot; instance=&quot;1&quot;&gt;&lt;android.view.View index=&quot;0&quot; text=&quot;&quot; class=&quot;android.view.View&quot; package=&quot;com.aoliday.android.phone&quot; content-desc=&quot;&quot; checkable=&quot;false&quot; checked=&quot;false&quot; clickable=&quot;false&quot; enabled=&quot;true&quot; focusable=&quot;false&quot; focused=&quot;false&quot; scrollable=&quot;false&quot; long-clickable=&quot;false&quot; password=&quot;false&quot; selected=&quot;false&quot; bounds=&quot;[0,240][1080,1920]&quot; resource-id=&quot;&quot; instance=&quot;0&quot;&gt;&lt;android.widget.ListView index=&quot;0&quot; text=&quot;&quot; class=&quot;android.widget.ListView&quot; package=&quot;com.aoliday.android.phone&quot; content-desc=&quot;&quot; checkable=&quot;false&quot; checked=&quot;false&quot; clickable=&quot;false&quot; enabled=&quot;true&quot; focusable=&quot;false&quot; focused=&quot;false&quot; scrollable=&quot;false&quot; long-clickable=&quot;false&quot; password=&quot;false&quot; selected=&quot;false&quot; bounds=&quot;[36,243][1044,450]&quot; resource-id=&quot;&quot; instance=&quot;0&quot;&gt;&lt;android.view.View index=&quot;0&quot; text=&quot;&quot; class=&quot;android.view.View&quot; package=&quot;com.aoliday.android.phone&quot; content-desc=&quot;旅行日期&quot; checkable=&quot;false&quot; checked=&quot;false&quot; clickable=&quot;true&quot; enabled=&quot;true&quot; focusable=&quot;false&quot; focused=&quot;false&quot; scrollable=&quot;false&quot; long-clickable=&quot;false&quot; password=&quot;false&quot; selected=&quot;false&quot; bounds=&quot;[60,243][1020,348]&quot; resource-id=&quot;&quot; instance=&quot;1&quot;/&gt;&lt;android.view.View index=&quot;1&quot; text=&quot;&quot; class=&quot;android.view.View&quot; package=&quot;com.aoliday.android.phone&quot; content-desc=&quot;开始 2015-12-07 &quot; checkable=&quot;false&quot; checked=&quot;false&quot; clickable=&quot;true&quot; enabled=&quot;true&quot; focusable=&quot;false&quot; focused=&quot;false&quot; scrollable=&quot;false&quot; long-clickable=&quot;false&quot; password=&quot;false&quot; selected=&quot;false&quot; bounds=&quot;[60,345][1020,450]&quot; resource-id=&quot;&quot; instance=&quot;2&quot;/&gt;&lt;/android.widget.ListView&gt;&lt;android.widget.ListView index=&quot;1&quot; text=&quot;&quot; class=&quot;android.widget.ListView&quot; package=&quot;com.aoliday.android.phone&quot; content-desc=&quot;&quot; checkable=&quot;false&quot; checked=&quot;false&quot; clickable=&quot;false&quot; enabled=&quot;true&quot; focusable=&quot;false&quot; focused=&quot;false&quot; scrollable=&quot;false&quot; long-clickable=&quot;false&quot; password=&quot;false&quot; selected=&quot;false&quot; bounds=&quot;[36,447][1044,555]&quot; resource-id=&quot;&quot; instance=&quot;1&quot;&gt;&lt;android.view.View index=&quot;0&quot; text=&quot;&quot; class=&quot;android.view.View&quot; package=&quot;com.aoliday.android.phone&quot; content-desc=&quot;更改旅行日期&quot; checkable=&quot;false&quot; checked=&quot;false&quot; clickable=&quot;true&quot; enabled=&quot;true&quot; focusable=&quot;false&quot; focused=&quot;false&quot; scrollable=&quot;false&quot; long-clickable=&quot;false&quot; password=&quot;false&quot; selected=&quot;false&quot; bounds=&quot;[60,447][1020,555]&quot; resource-id=&quot;&quot; instance=&quot;3&quot;/&gt;&lt;/android.widget.ListView&gt;&lt;android.widget.ListView index=&quot;2&quot; text=&quot;&quot; class=&quot;android.widget.ListView&quot; package=&quot;com.aoliday.android.phone&quot; content-desc=&quot;&quot; checkable=&quot;false&quot; checked=&quot;false&quot; clickable=&quot;false&quot; enabled=&quot;true&quot; focusable=&quot;false&quot; focused=&quot;false&quot; scrollable=&quot;false&quot; long-clickable=&quot;false&quot; password=&quot;false&quot; selected=&quot;false&quot; bounds=&quot;[36,591][1044,801]&quot; resource-id=&quot;&quot; instance=&quot;2&quot;&gt;&lt;android.view.View index=&quot;0&quot; text=&quot;&quot; class=&quot;android.view.View&quot; package=&quot;com.aoliday.android.phone&quot; content-desc=&quot;选择规格&quot; checkable=&quot;false&quot; checked=&quot;false&quot; clickable=&quot;true&quot; enabled=&quot;true&quot; focusable=&quot;false&quot; focused=&quot;false&quot; scrollable=&quot;false&quot; long-clickable=&quot;false&quot; password=&quot;false&quot; selected=&quot;false&quot; bounds=&quot;[60,591][1020,696]&quot; resource-id=&quot;&quot; instance=&quot;4&quot;/&gt;&lt;android.view.View index=&quot;1&quot; text=&quot;&quot; class=&quot;android.view.View&quot; package=&quot;com.aoliday.android.phone&quot; content-desc=&quot;三星酒店单人预订 &quot; checkable=&quot;false&quot; checked=&quot;false&quot; clickable=&quot;false&quot; enabled=&quot;true&quot; focusable=&quot;false&quot; focused=&quot;false&quot; scrollable=&quot;false&quot; long-clickable=&quot;false&quot; password=&quot;false&quot; selected=&quot;false&quot; bounds=&quot;[60,693][1020,801]&quot; resource-id=&quot;&quot; instance=&quot;5&quot;&gt;&lt;android.view.View index=&quot;0&quot; text=&quot;&quot; class=&quot;android.view.View&quot; package=&quot;com.aoliday.android.phone&quot; content-desc=&quot;三星酒店单人预订&quot; checkable=&quot;false&quot; checked=&quot;false&quot; clickable=&quot;true&quot; enabled=&quot;true&quot; focusable=&quot;false&quot; focused=&quot;false&quot; scrollable=&quot;false&quot; long-clickable=&quot;false&quot; password=&quot;false&quot; selected=&quot;false&quot; bounds=&quot;[60,717][1020,783]&quot; resource-id=&quot;&quot; instance=&quot;6&quot;/&gt;&lt;/android.view.View&gt;&lt;/android.widget.ListView&gt;&lt;android.widget.ListView index=&quot;3&quot; text=&quot;&quot; class=&quot;android.widget.ListView&quot; package=&quot;com.aoliday.android.phone&quot; content-desc=&quot;&quot; checkable=&quot;false&quot; checked=&quot;false&quot; clickable=&quot;false&quot; enabled=&quot;true&quot; focusable=&quot;false&quot; focused=&quot;false&quot; scrollable=&quot;false&quot; long-clickable=&quot;false&quot; password=&quot;false&quot; selected=&quot;false&quot; bounds=&quot;[36,798][1044,906]&quot; resource-id=&quot;&quot; instance=&quot;3&quot;&gt;&lt;android.view.View index=&quot;0&quot; text=&quot;&quot; class=&quot;android.view.View&quot; package=&quot;com.aoliday.android.phone&quot; content-desc=&quot;更改行程类型&quot; checkable=&quot;false&quot; checked=&quot;false&quot; clickable=&quot;true&quot; enabled=&quot;true&quot; focusable=&quot;false&quot; focused=&quot;false&quot; scrollable=&quot;false&quot; long-clickable=&quot;false&quot; password=&quot;false&quot; selected=&quot;false&quot; bounds=&quot;[60,798][1020,906]&quot; resource-id=&quot;&quot; instance=&quot;7&quot;/&gt;&lt;/android.widget.ListView&gt;&lt;android.widget.ListView index=&quot;4&quot; text=&quot;&quot; class=&quot;android.widget.ListView&quot; package=&quot;com.aoliday.android.phone&quot; content-desc=&quot;&quot; checkable=&quot;false&quot; checked=&quot;false&quot; clickable=&quot;false&quot; enabled=&quot;true&quot; focusable=&quot;false&quot; focused=&quot;false&quot; scrollable=&quot;false&quot; long-clickable=&quot;false&quot; password=&quot;false&quot; selected=&quot;false&quot; bounds=&quot;[36,945][1044,1179]&quot; resource-id=&quot;&quot; instance=&quot;4&quot;&gt;&lt;android.view.View index=&quot;0&quot; text=&quot;&quot; class=&quot;android.view.View&quot; package=&quot;com.aoliday.android.phone&quot; content-desc=&quot;旅客类型&quot; checkable=&quot;false&quot; checked=&quot;false&quot; clickable=&quot;true&quot; enabled=&quot;true&quot; focusable=&quot;false&quot; focused=&quot;false&quot; scrollable=&quot;false&quot; long-clickable=&quot;false&quot; password=&quot;false&quot; selected=&quot;false&quot; bounds=&quot;[60,945][1020,1050]&quot; resource-id=&quot;&quot; instance=&quot;8&quot;/&gt;&lt;android.view.View index=&quot;1&quot; text=&quot;&quot; class=&quot;android.view.View&quot; package=&quot;com.aoliday.android.phone&quot; content-desc=&quot;成人 X 1 &quot; checkable=&quot;false&quot; checked=&quot;false&quot; clickable=&quot;true&quot; enabled=&quot;true&quot; focusable=&quot;false&quot; focused=&quot;false&quot; scrollable=&quot;false&quot; long-clickable=&quot;false&quot; password=&quot;false&quot; selected=&quot;false&quot; bounds=&quot;[60,1047][1020,1179]&quot; resource-id=&quot;&quot; instance=&quot;9&quot;/&gt;&lt;/android.widget.ListView&gt;&lt;android.widget.ListView index=&quot;5&quot; text=&quot;&quot; class=&quot;android.widget.ListView&quot; package=&quot;com.aoliday.android.phone&quot; content-desc=&quot;&quot; checkable=&quot;false&quot; checked=&quot;false&quot; clickable=&quot;false&quot; enabled=&quot;true&quot; focusable=&quot;false&quot; focused=&quot;false&quot; scrollable=&quot;false&quot; long-clickable=&quot;false&quot; password=&quot;false&quot; selected=&quot;false&quot; bounds=&quot;[36,1176][1044,1284]&quot; resource-id=&quot;&quot; instance=&quot;5&quot;&gt;&lt;android.view.View index=&quot;0&quot; text=&quot;&quot; class=&quot;android.view.View&quot; package=&quot;com.aoliday.android.phone&quot; content-desc=&quot;更改旅客类型&quot; checkable=&quot;false&quot; checked=&quot;false&quot; clickable=&quot;true&quot; enabled=&quot;true&quot; focusable=&quot;false&quot; focused=&quot;false&quot; scrollable=&quot;false&quot; long-clickable=&quot;false&quot; password=&quot;false&quot; selected=&quot;false&quot; bounds=&quot;[60,1176][1020,1284]&quot; resource-id=&quot;&quot; instance=&quot;10&quot;/&gt;&lt;/android.widget.ListView&gt;&lt;android.view.View index=&quot;6&quot; text=&quot;&quot; class=&quot;android.view.View&quot; package=&quot;com.aoliday.android.phone&quot; content-desc=&quot;关闭&quot; checkable=&quot;false&quot; checked=&quot;false&quot; clickable=&quot;true&quot; enabled=&quot;true&quot; focusable=&quot;true&quot; focused=&quot;false&quot; scrollable=&quot;false&quot; long-clickable=&quot;false&quot; password=&quot;false&quot; selected=&quot;false&quot; bounds=&quot;[0,1773][195,1920]&quot; resource-id=&quot;&quot; instance=&quot;11&quot;/&gt;&lt;android.view.View index=&quot;7&quot; text=&quot;&quot; class=&quot;android.view.View&quot; package=&quot;com.aoliday.android.phone&quot; content-desc=&quot;确定&quot; checkable=&quot;false&quot; checked=&quot;false&quot; clickable=&quot;true&quot; enabled=&quot;true&quot; focusable=&quot;true&quot; focused=&quot;false&quot; scrollable=&quot;false&quot; long-clickable=&quot;false&quot; password=&quot;false&quot; selected=&quot;false&quot; bounds=&quot;[885,1773][1080,1920]&quot; resource-id=&quot;&quot; instance=&quot;12&quot;/&gt;&lt;/android.view.View&gt;&lt;android.view.View index=&quot;1&quot; text=&quot;&quot; class=&quot;android.view.View&quot; package=&quot;com.aoliday.android.phone&quot; content-desc=&quot;&quot; checkable=&quot;false&quot; checked=&quot;false&quot; clickable=&quot;false&quot; enabled=&quot;true&quot; focusable=&quot;false&quot; focused=&quot;false&quot; scrollable=&quot;false&quot; long-clickable=&quot;false&quot; password=&quot;false&quot; selected=&quot;false&quot; bounds=&quot;[0,1284][1080,1344]&quot; resource-id=&quot;&quot; instance=&quot;13&quot;&gt;&lt;android.view.View index=&quot;0&quot; text=&quot;&quot; class=&quot;android.view.View&quot; package=&quot;com.aoliday.android.phone&quot; content-desc=&quot;&quot; checkable=&quot;false&quot; checked=&quot;false&quot; clickable=&quot;false&quot; enabled=&quot;true&quot; focusable=&quot;false&quot; focused=&quot;false&quot; scrollable=&quot;false&quot; long-clickable=&quot;false&quot; password=&quot;false&quot; selected=&quot;false&quot; bounds=&quot;[12,1290][915,1332]&quot; resource-id=&quot;&quot; instance=&quot;14&quot;&gt;&lt;android.view.View index=&quot;0&quot; text=&quot;&quot; class=&quot;android.view.View&quot; package=&quot;com.aoliday.android.phone&quot; content-desc=&quot;&quot; checkable=&quot;false&quot; checked=&quot;false&quot; clickable=&quot;false&quot; enabled=&quot;true&quot; focusable=&quot;false&quot; focused=&quot;false&quot; scrollable=&quot;false&quot; long-clickable=&quot;false&quot; password=&quot;false&quot; selected=&quot;false&quot; bounds=&quot;[15,1290][915,1329]&quot; resource-id=&quot;&quot; instance=&quot;15&quot;&gt;&lt;android.view.View index=&quot;0&quot; text=&quot;&quot; class=&quot;android.view.View&quot; package=&quot;com.aoliday.android.phone&quot; content-desc=&quot;&quot; checkable=&quot;false&quot; checked=&quot;false&quot; clickable=&quot;false&quot; enabled=&quot;true&quot; focusable=&quot;false&quot; focused=&quot;false&quot; scrollable=&quot;true&quot; long-clickable=&quot;false&quot; password=&quot;false&quot; selected=&quot;false&quot; bounds=&quot;[15,1290][915,1329]&quot; resource-id=&quot;&quot; instance=&quot;16&quot;/&gt;&lt;/android.view.View&gt;&lt;/android.view.View&gt;&lt;/android.view.View&gt;&lt;/android.webkit.WebView&gt;&lt;/android.webkit.WebView&gt;&lt;android.widget.LinearLayout index=&quot;1&quot; text=&quot;&quot; class=&quot;android.widget.LinearLayout&quot; package=&quot;com.aoliday.android.phone&quot; content-desc=&quot;&quot; checkable=&quot;false&quot; checked=&quot;false&quot; clickable=&quot;false&quot; enabled=&quot;true&quot; focusable=&quot;false&quot; focused=&quot;false&quot; scrollable=&quot;false&quot; long-clickable=&quot;false&quot; password=&quot;false&quot; selected=&quot;false&quot; bounds=&quot;[0,1770][1080,1920]&quot; resource-id=&quot;com.aoliday.android.phone:id/footer_view&quot; instance=&quot;3&quot;&gt;&lt;android.widget.TextView index=&quot;0&quot; text=&quot;价格:￥ 3358&quot; class=&quot;android.widget.TextView&quot; package=&quot;com.aoliday.android.phone&quot; content-desc=&quot;&quot; checkable=&quot;false&quot; checked=&quot;false&quot; clickable=&quot;true&quot; enabled=&quot;true&quot; focusable=&quot;false&quot; focused=&quot;false&quot; scrollable=&quot;false&quot; long-clickable=&quot;false&quot; password=&quot;false&quot; selected=&quot;false&quot; bounds=&quot;[0,1823][540,1876]&quot; resource-id=&quot;com.aoliday.android.phone:id/order_price_view&quot; instance=&quot;1&quot;/&gt;&lt;android.widget.TextView index=&quot;1&quot; text=&quot;完成选择&quot; class=&quot;android.widget.TextView&quot; package=&quot;com.aoliday.android.phone&quot; content-desc=&quot;&quot; checkable=&quot;false&quot; checked=&quot;false&quot; clickable=&quot;true&quot; enabled=&quot;true&quot; focusable=&quot;false&quot; focused=&quot;false&quot; scrollable=&quot;false&quot; long-clickable=&quot;false&quot; password=&quot;false&quot; selected=&quot;false&quot; bounds=&quot;[540,1770][1080,1920]&quot; resource-id=&quot;com.aoliday.android.phone:id/order_now_view&quot; instance=&quot;2&quot;/&gt;&lt;/android.widget.LinearLayout&gt;&lt;/android.widget.LinearLayout&gt;&lt;/android.widget.FrameLayout&gt;&lt;/android.widget.LinearLayout&gt;&lt;/android.widget.FrameLayout&gt;&lt;/android.widget.LinearLayout&gt;&lt;/android.widget.FrameLayout&gt;&lt;/android.widget.FrameLayout&gt;&lt;/hierarchy&gt;

完成选择成功
</system-out>
  </testcase>
</testsuite>