<?xml version="1.0" encoding="UTF-8"?>
<testng-results skipped="0" failed="0" total="1" passed="1">
  <reporter-output>
  </reporter-output>
  <suite name="Default suite" duration-ms="148094" started-at="2015-12-01T14:42:12Z" finished-at="2015-12-01T14:44:40Z">
    <groups>
    </groups>
    <test name="Default test" duration-ms="148094" started-at="2015-12-01T14:42:12Z" finished-at="2015-12-01T14:44:40Z">
      <class name="testcase.buy.ProductList.android.kathy.ProductID_2174">
        <test-method status="PASS" signature="Test_setUp()[pri:0, instance:testcase.buy.ProductList.android.kathy.ProductID_2174@1f22ffa]" name="Test_setUp" is-config="true" duration-ms="15394" started-at="2015-12-01T22:42:12Z" finished-at="2015-12-01T22:42:27Z">
          <reporter-output>
          </reporter-output>
        </test-method> <!-- Test_setUp -->
        <test-method status="PASS" signature="BuyProduct2174()[pri:0, instance:testcase.buy.ProductList.android.kathy.ProductID_2174@1f22ffa]" name="BuyProduct2174" duration-ms="131762" started-at="2015-12-01T22:42:27Z" finished-at="2015-12-01T22:44:39Z">
          <reporter-output>
          </reporter-output>
        </test-method> <!-- BuyProduct2174 -->
        <test-method status="PASS" signature="tearDown()[pri:0, instance:testcase.buy.ProductList.android.kathy.ProductID_2174@1f22ffa]" name="tearDown" is-config="true" duration-ms="930" started-at="2015-12-01T22:44:39Z" finished-at="2015-12-01T22:44:40Z">
          <reporter-output>
          </reporter-output>
        </test-method> <!-- tearDown -->
      </class> <!-- testcase.buy.ProductList.android.kathy.ProductID_2174 -->
    </test> <!-- Default test -->
  </suite> <!-- Default suite -->
</testng-results>
